W0513 20:51:17.276000 4057964 site-packages/torch/distributed/run.py:774] 
W0513 20:51:17.276000 4057964 site-packages/torch/distributed/run.py:774] *****************************************
W0513 20:51:17.276000 4057964 site-packages/torch/distributed/run.py:774] Setting OMP_NUM_THREADS environment variable for each process to be 1 in default, to avoid your system being overloaded, please further tune the variable for optimal performance in your application as needed. 
W0513 20:51:17.276000 4057964 site-packages/torch/distributed/run.py:774] *****************************************
usage: run_distillation_training_multiGPU_DDP.py [-h] --gpu-list GPU_LIST
                                                 [--batch-size BATCH_SIZE]
                                                 [--epochs EPOCHS] [--lr LR]
run_distillation_training_multiGPU_DDP.py: error: unrecognized arguments: --num-workers 8
usage: run_distillation_training_multiGPU_DDP.py [-h] --gpu-list GPU_LIST
                                                 [--batch-size BATCH_SIZE]
                                                 [--epochs EPOCHS] [--lr LR]
run_distillation_training_multiGPU_DDP.py: error: unrecognized arguments: --num-workers 8
usage: run_distillation_training_multiGPU_DDP.py [-h] --gpu-list GPU_LIST
                                                 [--batch-size BATCH_SIZE]
                                                 [--epochs EPOCHS] [--lr LR]
run_distillation_training_multiGPU_DDP.py: error: unrecognized arguments: --num-workers 8
usage: run_distillation_training_multiGPU_DDP.py [-h] --gpu-list GPU_LIST
                                                 [--batch-size BATCH_SIZE]
                                                 [--epochs EPOCHS] [--lr LR]
run_distillation_training_multiGPU_DDP.py: error: unrecognized arguments: --num-workers 8
usage: run_distillation_training_multiGPU_DDP.py [-h] --gpu-list GPU_LIST
                                                 [--batch-size BATCH_SIZE]
                                                 [--epochs EPOCHS] [--lr LR]
run_distillation_training_multiGPU_DDP.py: error: unrecognized arguments: --num-workers 8
usage: run_distillation_training_multiGPU_DDP.py [-h] --gpu-list GPU_LIST
                                                 [--batch-size BATCH_SIZE]
                                                 [--epochs EPOCHS] [--lr LR]
run_distillation_training_multiGPU_DDP.py: error: unrecognized arguments: --num-workers 8
E0513 20:51:18.886000 4057964 site-packages/torch/distributed/elastic/multiprocessing/api.py:874] failed (exitcode: 2) local_rank: 0 (pid: 4058031) of binary: /home/user/miniconda3/envs/alpamayo_env/bin/python3.12
Traceback (most recent call last):
  File "/home/user/miniconda3/envs/alpamayo_env/bin/torchrun", line 7, in <module>
    sys.exit(main())
             ^^^^^^
  File "/home/user/miniconda3/envs/alpamayo_env/lib/python3.12/site-packages/torch/distributed/elastic/multiprocessing/errors/__init__.py", line 357, in wrapper
    return f(*args, **kwargs)
           ^^^^^^^^^^^^^^^^^^
  File "/home/user/miniconda3/envs/alpamayo_env/lib/python3.12/site-packages/torch/distributed/run.py", line 901, in main
    run(args)
  File "/home/user/miniconda3/envs/alpamayo_env/lib/python3.12/site-packages/torch/distributed/run.py", line 892, in run
    elastic_launch(
  File "/home/user/miniconda3/envs/alpamayo_env/lib/python3.12/site-packages/torch/distributed/launcher/api.py", line 143, in __call__
    return launch_agent(self._config, self._entrypoint, list(args))
           ^^^^^^^^^^^^^^^^^^^^^^^^^^^^^^^^^^^^^^^^^^^^^^^^^^^^^^^^
  File "/home/user/miniconda3/envs/alpamayo_env/lib/python3.12/site-packages/torch/distributed/launcher/api.py", line 277, in launch_agent
    raise ChildFailedError(
torch.distributed.elastic.multiprocessing.errors.ChildFailedError: 
============================================================
run_distillation_training_multiGPU_DDP.py FAILED
------------------------------------------------------------
Failures:
[1]:
  time      : 2026-05-13_20:51:18
  host      : xt-p-A100-gpu-014.inspur.com
  rank      : 1 (local_rank: 1)
  exitcode  : 2 (pid: 4058032)
  error_file: <N/A>
  traceback : To enable traceback see: https://pytorch.org/docs/stable/elastic/errors.html
[2]:
  time      : 2026-05-13_20:51:18
  host      : xt-p-A100-gpu-014.inspur.com
  rank      : 2 (local_rank: 2)
  exitcode  : 2 (pid: 4058033)
  error_file: <N/A>
  traceback : To enable traceback see: https://pytorch.org/docs/stable/elastic/errors.html
[3]:
  time      : 2026-05-13_20:51:18
  host      : xt-p-A100-gpu-014.inspur.com
  rank      : 3 (local_rank: 3)
  exitcode  : 2 (pid: 4058034)
  error_file: <N/A>
  traceback : To enable traceback see: https://pytorch.org/docs/stable/elastic/errors.html
[4]:
  time      : 2026-05-13_20:51:18
  host      : xt-p-A100-gpu-014.inspur.com
  rank      : 4 (local_rank: 4)
  exitcode  : 2 (pid: 4058035)
  error_file: <N/A>
  traceback : To enable traceback see: https://pytorch.org/docs/stable/elastic/errors.html
[5]:
  time      : 2026-05-13_20:51:18
  host      : xt-p-A100-gpu-014.inspur.com
  rank      : 5 (local_rank: 5)
  exitcode  : 2 (pid: 4058036)
  error_file: <N/A>
  traceback : To enable traceback see: https://pytorch.org/docs/stable/elastic/errors.html
------------------------------------------------------------
Root Cause (first observed failure):
[0]:
  time      : 2026-05-13_20:51:18
  host      : xt-p-A100-gpu-014.inspur.com
  rank      : 0 (local_rank: 0)
  exitcode  : 2 (pid: 4058031)
  error_file: <N/A>
  traceback : To enable traceback see: https://pytorch.org/docs/stable/elastic/errors.html
============================================================
