2026-04-27 17:13:30 [INFO] Starting ViT distillation. Rank=1, World size=3
2026-04-27 17:13:30 [INFO] Starting ViT distillation. Rank=0, World size=3
2026-04-27 17:13:30 [INFO] Config: {'teacher_model_path': '~/cosmos_reason2_expanded/', 'student_model_path': '~/cosmos_reason2_expanded/', 'data_path': '/data01/mikelee/data/data_sample_chunk{0..24}/infer/', 'output_dir': './output_vit_distill', 'teacher_hidden': 1152, 'teacher_output': 4096, 'teacher_layers': 27, 'teacher_deepstack_layers': [8, 16, 24], 'student_hidden': 1024, 'student_output': 2048, 'student_layers': 24, 'student_deepstack_layers': [5, 11, 17], 'projector_hidden': 1024, 'dropout': 0.1, 'num_gpus': 3, 'batch_size_per_gpu': 8, 'gradient_accumulation_steps': 1, 'learning_rate': 0.0001, 'weight_decay': 0.01, 'max_grad_norm': 1.0, 'num_epochs': 10, 'warmup_steps': 1000, 'max_steps': 100000, 'alpha_final': 1.0, 'alpha_deepstack': 0.5, 'alpha_norm': 0.01, 'fp16': True, 'bf16': False, 'use_deepspeed': False, 'deepspeed_config_path': './deepspeed_config.json', 'seed': 42, 'log_interval': 10, 'eval_interval': 1000, 'save_interval': 5000, 'resume': None, 'debug': False}
2026-04-27 17:13:30 [INFO] Config: {'teacher_model_path': '~/cosmos_reason2_expanded/', 'student_model_path': '~/cosmos_reason2_expanded/', 'data_path': '/data01/mikelee/data/data_sample_chunk{0..24}/infer/', 'output_dir': './output_vit_distill', 'teacher_hidden': 1152, 'teacher_output': 4096, 'teacher_layers': 27, 'teacher_deepstack_layers': [8, 16, 24], 'student_hidden': 1024, 'student_output': 2048, 'student_layers': 24, 'student_deepstack_layers': [5, 11, 17], 'projector_hidden': 1024, 'dropout': 0.1, 'num_gpus': 3, 'batch_size_per_gpu': 8, 'gradient_accumulation_steps': 1, 'learning_rate': 0.0001, 'weight_decay': 0.01, 'max_grad_norm': 1.0, 'num_epochs': 10, 'warmup_steps': 1000, 'max_steps': 100000, 'alpha_final': 1.0, 'alpha_deepstack': 0.5, 'alpha_norm': 0.01, 'fp16': True, 'bf16': False, 'use_deepspeed': False, 'deepspeed_config_path': './deepspeed_config.json', 'seed': 42, 'log_interval': 10, 'eval_interval': 1000, 'save_interval': 5000, 'resume': None, 'debug': False}
2026-04-27 17:13:30 [INFO] Loading teacher model...
2026-04-27 17:13:30 [INFO] Loading teacher model...
2026-04-27 17:13:30 [INFO] [Rank 1] Loading teacher model from: /home/user/cosmos_reason2_expanded/
2026-04-27 17:13:30 [INFO] [Rank 0] Loading teacher model from: /home/user/cosmos_reason2_expanded/
2026-04-27 17:13:30 [INFO] Starting ViT distillation. Rank=2, World size=3
2026-04-27 17:13:30 [INFO] Config: {'teacher_model_path': '~/cosmos_reason2_expanded/', 'student_model_path': '~/cosmos_reason2_expanded/', 'data_path': '/data01/mikelee/data/data_sample_chunk{0..24}/infer/', 'output_dir': './output_vit_distill', 'teacher_hidden': 1152, 'teacher_output': 4096, 'teacher_layers': 27, 'teacher_deepstack_layers': [8, 16, 24], 'student_hidden': 1024, 'student_output': 2048, 'student_layers': 24, 'student_deepstack_layers': [5, 11, 17], 'projector_hidden': 1024, 'dropout': 0.1, 'num_gpus': 3, 'batch_size_per_gpu': 8, 'gradient_accumulation_steps': 1, 'learning_rate': 0.0001, 'weight_decay': 0.01, 'max_grad_norm': 1.0, 'num_epochs': 10, 'warmup_steps': 1000, 'max_steps': 100000, 'alpha_final': 1.0, 'alpha_deepstack': 0.5, 'alpha_norm': 0.01, 'fp16': True, 'bf16': False, 'use_deepspeed': False, 'deepspeed_config_path': './deepspeed_config.json', 'seed': 42, 'log_interval': 10, 'eval_interval': 1000, 'save_interval': 5000, 'resume': None, 'debug': False}
2026-04-27 17:13:30 [INFO] Loading teacher model...
2026-04-27 17:13:30 [INFO] [Rank 2] Loading teacher model from: /home/user/cosmos_reason2_expanded/
2026-04-27 17:13:30 [INFO] [Rank 2] Loaded teacher checkpoint from /home/user/cosmos_reason2_expanded/model-expanded.safetensors
2026-04-27 17:13:30 [INFO] [Rank 0] Loaded teacher checkpoint from /home/user/cosmos_reason2_expanded/model-expanded.safetensors
2026-04-27 17:13:30 [INFO] [Rank 1] Loaded teacher checkpoint from /home/user/cosmos_reason2_expanded/model-expanded.safetensors
2026-04-27 17:13:30 [INFO] [Rank 2] Teacher model loaded. Total params: 40,585,600
2026-04-27 17:13:30 [INFO] Loading student model...
2026-04-27 17:13:30 [INFO] [Rank 2] Loading student model from: /home/user/cosmos_reason2_expanded/
2026-04-27 17:13:30 [INFO] [Rank 0] Teacher model loaded. Total params: 40,585,600
2026-04-27 17:13:30 [INFO] [Rank 1] Teacher model loaded. Total params: 40,585,600
2026-04-27 17:13:30 [INFO] Loading student model...
2026-04-27 17:13:30 [INFO] [Rank 0] Loading student model from: /home/user/cosmos_reason2_expanded/
2026-04-27 17:13:30 [INFO] Loading student model...
2026-04-27 17:13:30 [INFO] [Rank 1] Loading student model from: /home/user/cosmos_reason2_expanded/
2026-04-27 17:13:36 [INFO] [Rank 2] Loaded student checkpoint
2026-04-27 17:13:36 [INFO] [Rank 0] Loaded student checkpoint
2026-04-27 17:13:37 [INFO] [Rank 1] Loaded student checkpoint
2026-04-27 17:15:19 [INFO] Train dataset size: 2348295
2026-04-27 17:15:19 [INFO] Train dataset size: 2348295
2026-04-27 17:15:19 [INFO] Train dataset size: 2348295
2026-04-27 17:15:19 [INFO] Trainable parameters: 879,509,504
2026-04-27 17:15:19 [INFO] Starting training loop...
2026-04-27 17:15:19 [INFO] Trainable parameters: 879,509,504
2026-04-27 17:15:19 [INFO] Trainable parameters: 879,509,504
2026-04-27 17:15:19 [INFO] Starting training loop...
2026-04-27 17:15:19 [INFO] Starting training loop...
